/home/jaeeun/anaconda/lib/python3.11/site-packages/sklearn/base.py:1151: DataConversionWarning: A column-vector y was passed when a 1d array was expected. Please change the shape of y to (n_samples,), for example using ravel().
  return fit_method(estimator, *args, **kwargs)
/home/jaeeun/anaconda/lib/python3.11/site-packages/sklearn/base.py:1151: DataConversionWarning: A column-vector y was passed when a 1d array was expected. Please change the shape of y to (n_samples,), for example using ravel().
  return fit_method(estimator, *args, **kwargs)
Accuracy: 0.7763157894736842
Confusion Matrix
 [[27  0  0 ...  1  0  0]
 [ 0 31  1 ...  0  0  0]
 [ 0  0 31 ...  0  0  0]
 ...
 [ 1  0  0 ... 32  0  1]
 [ 0  0  0 ...  0 34  0]
 [ 2  0  0 ...  0  0 29]]
Accuracy: 0.781578947368421
Confusion Matrix
 [[27  0  0 ...  0  0  0]
 [ 0 32  1 ...  0  0  0]
 [ 0  0 30 ...  0  0  0]
 ...
 [ 0  0  0 ... 32  0  1]
 [ 0  0  0 ...  0 34  0]
 [ 2  0  0 ...  0  0 31]]
Class 24 Accuracy: 0.46511627906976744
Class 37 Accuracy: 0.4864864864864865
Class 13 Accuracy: 0.5135135135135135
Class 89 Accuracy: 0.5227272727272727
Class 77 Accuracy: 0.5555555555555556
Class 21 Accuracy: 0.5813953488372093
Class 22 Accuracy: 0.5813953488372093
Class 51 Accuracy: 0.6
Class 14 Accuracy: 0.6046511627906976
Class 79 Accuracy: 0.6111111111111112
Class 84 Accuracy: 0.6129032258064516
Class 32 Accuracy: 0.6170212765957447
Class 34 Accuracy: 0.6304347826086957
Class 0 Accuracy: 0.675
Class 68 Accuracy: 0.6756756756756757
Class 78 Accuracy: 0.6756756756756757
Class 11 Accuracy: 0.6764705882352942
Class 55 Accuracy: 0.6774193548387096
Class 94 Accuracy: 0.6888888888888889
Class 31 Accuracy: 0.6896551724137931
Class 47 Accuracy: 0.6944444444444444
Class 1 Accuracy: 0.6956521739130435
Class 82 Accuracy: 0.6956521739130435
Class 90 Accuracy: 0.6956521739130435
Class 10 Accuracy: 0.6976744186046512
Class 16 Accuracy: 0.7045454545454546
Class 63 Accuracy: 0.7045454545454546
Class 69 Accuracy: 0.7083333333333334
Class 42 Accuracy: 0.7111111111111111
Class 39 Accuracy: 0.717948717948718
Class 64 Accuracy: 0.717948717948718
Class 62 Accuracy: 0.7272727272727273
Class 65 Accuracy: 0.7272727272727273
Class 74 Accuracy: 0.7317073170731707
Class 67 Accuracy: 0.7333333333333333
Class 46 Accuracy: 0.7441860465116279
Class 19 Accuracy: 0.7551020408163265
Class 27 Accuracy: 0.7692307692307693
Class 8 Accuracy: 0.78125
Class 61 Accuracy: 0.7857142857142857
Class 23 Accuracy: 0.7872340425531915
Class 35 Accuracy: 0.7931034482758621
Class 17 Accuracy: 0.7948717948717948
Class 71 Accuracy: 0.7954545454545454
Class 9 Accuracy: 0.8
Class 52 Accuracy: 0.8
Class 92 Accuracy: 0.8
Class 54 Accuracy: 0.8048780487804879
Class 66 Accuracy: 0.8108108108108109
Class 81 Accuracy: 0.8113207547169812
Class 40 Accuracy: 0.8125
Class 28 Accuracy: 0.813953488372093
Class 57 Accuracy: 0.8157894736842105
Class 88 Accuracy: 0.8157894736842105
Class 48 Accuracy: 0.8163265306122449
Class 33 Accuracy: 0.8181818181818182
Class 45 Accuracy: 0.8235294117647058
Class 4 Accuracy: 0.8260869565217391
Class 26 Accuracy: 0.8292682926829268
Class 29 Accuracy: 0.8292682926829268
Class 25 Accuracy: 0.8297872340425532
Class 85 Accuracy: 0.8333333333333334
Class 43 Accuracy: 0.8367346938775511
Class 53 Accuracy: 0.8378378378378378
Class 38 Accuracy: 0.8387096774193549
Class 60 Accuracy: 0.8478260869565217
Class 2 Accuracy: 0.8571428571428571
Class 6 Accuracy: 0.8571428571428571
Class 15 Accuracy: 0.8571428571428571
Class 72 Accuracy: 0.8571428571428571
Class 91 Accuracy: 0.8571428571428571
Class 18 Accuracy: 0.8611111111111112
Class 73 Accuracy: 0.8648648648648649
Class 50 Accuracy: 0.875
Class 30 Accuracy: 0.8979591836734694
Class 5 Accuracy: 0.9
Class 36 Accuracy: 0.9
Class 87 Accuracy: 0.9
Class 7 Accuracy: 0.918918918918919
Class 58 Accuracy: 0.918918918918919
Class 56 Accuracy: 0.926829268292683
Class 83 Accuracy: 0.9347826086956522
Class 49 Accuracy: 0.9411764705882353
Class 12 Accuracy: 0.9428571428571428
Class 75 Accuracy: 0.9444444444444444
Class 80 Accuracy: 0.9444444444444444
Class 20 Accuracy: 0.95
Class 41 Accuracy: 0.9574468085106383
Class 93 Accuracy: 0.9714285714285714
Class 3 Accuracy: 0.9722222222222222
Class 59 Accuracy: 0.9722222222222222
Class 44 Accuracy: 0.972972972972973
Class 76 Accuracy: 0.972972972972973
Class 70 Accuracy: 1.0
Class 86 Accuracy: 1.0
/home/jaeeun/anaconda/lib/python3.11/site-packages/sklearn/base.py:1151: DataConversionWarning: A column-vector y was passed when a 1d array was expected. Please change the shape of y to (n_samples,), for example using ravel().
  return fit_method(estimator, *args, **kwargs)
/home/jaeeun/anaconda/lib/python3.11/site-packages/sklearn/base.py:1151: DataConversionWarning: A column-vector y was passed when a 1d array was expected. Please change the shape of y to (n_samples,), for example using ravel().
  return fit_method(estimator, *args, **kwargs)
/home/jaeeun/anaconda/lib/python3.11/site-packages/sklearn/base.py:1151: DataConversionWarning: A column-vector y was passed when a 1d array was expected. Please change the shape of y to (n_samples,), for example using ravel().
  return fit_method(estimator, *args, **kwargs)
/home/jaeeun/anaconda/lib/python3.11/site-packages/sklearn/base.py:1151: DataConversionWarning: A column-vector y was passed when a 1d array was expected. Please change the shape of y to (n_samples,), for example using ravel().
  return fit_method(estimator, *args, **kwargs)
/home/jaeeun/anaconda/lib/python3.11/site-packages/sklearn/base.py:1151: DataConversionWarning: A column-vector y was passed when a 1d array was expected. Please change the shape of y to (n_samples,), for example using ravel().
  return fit_method(estimator, *args, **kwargs)
/home/jaeeun/anaconda/lib/python3.11/site-packages/sklearn/base.py:1151: DataConversionWarning: A column-vector y was passed when a 1d array was expected. Please change the shape of y to (n_samples,), for example using ravel().
  return fit_method(estimator, *args, **kwargs)
/home/jaeeun/anaconda/lib/python3.11/site-packages/sklearn/base.py:1151: DataConversionWarning: A column-vector y was passed when a 1d array was expected. Please change the shape of y to (n_samples,), for example using ravel().
  return fit_method(estimator, *args, **kwargs)
/home/jaeeun/anaconda/lib/python3.11/site-packages/sklearn/base.py:1151: DataConversionWarning: A column-vector y was passed when a 1d array was expected. Please change the shape of y to (n_samples,), for example using ravel().
  return fit_method(estimator, *args, **kwargs)
/home/jaeeun/anaconda/lib/python3.11/site-packages/sklearn/base.py:1151: DataConversionWarning: A column-vector y was passed when a 1d array was expected. Please change the shape of y to (n_samples,), for example using ravel().
  return fit_method(estimator, *args, **kwargs)
/home/jaeeun/anaconda/lib/python3.11/site-packages/sklearn/base.py:1151: DataConversionWarning: A column-vector y was passed when a 1d array was expected. Please change the shape of y to (n_samples,), for example using ravel().
  return fit_method(estimator, *args, **kwargs)
0.6186835342657395 {'bootstrap': True, 'class_weight': 'balanced', 'max_depth': None, 'max_features': 'sqrt', 'min_samples_leaf': 1, 'min_samples_split': 2, 'n_estimators': 1000}
0.6163144894521396 {'bootstrap': True, 'class_weight': 'balanced_subsample', 'max_depth': None, 'max_features': 'sqrt', 'min_samples_leaf': 1, 'min_samples_split': 2, 'n_estimators': 1000}
0.6181563178892392 {'bootstrap': True, 'class_weight': {24: 16, 89: 8, 77: 4, 13: 4, 37: 4, 21: 4, 22: 4, 79: 4}, 'max_depth': None, 'max_features': 'sqrt', 'min_samples_leaf': 1, 'min_samples_split': 2, 'n_estimators': 1000}
Best Hyperparameters: {'bootstrap': True, 'class_weight': 'balanced', 'max_depth': None, 'max_features': 'sqrt', 'min_samples_leaf': 1, 'min_samples_split': 2, 'n_estimators': 1000}
Best Model: RandomForestClassifier(class_weight='balanced', criterion='entropy',
                       n_estimators=1000, n_jobs=-1)
Accuracy: 0.7818421052631579
Confusion Matrix
 [[27  0  0 ...  0  0  0]
 [ 0 32  1 ...  0  0  0]
 [ 0  0 31 ...  0  0  0]
 ...
 [ 1  0  0 ... 31  0  1]
 [ 0  0  0 ...  0 34  0]
 [ 2  0  0 ...  0  0 30]]
Class 24 Accuracy: 0.46511627906976744
Class 77 Accuracy: 0.5333333333333333
Class 13 Accuracy: 0.5405405405405406
Class 37 Accuracy: 0.5405405405405406
Class 89 Accuracy: 0.5454545454545454
Class 21 Accuracy: 0.5581395348837209
Class 22 Accuracy: 0.5813953488372093
Class 79 Accuracy: 0.5833333333333334
Class 34 Accuracy: 0.6086956521739131
Class 32 Accuracy: 0.6170212765957447
Class 51 Accuracy: 0.6444444444444445
Class 55 Accuracy: 0.6451612903225806
Class 84 Accuracy: 0.6451612903225806
Class 14 Accuracy: 0.6511627906976745
Class 94 Accuracy: 0.6666666666666666
Class 0 Accuracy: 0.675
Class 68 Accuracy: 0.6756756756756757
Class 11 Accuracy: 0.6764705882352942
Class 69 Accuracy: 0.6875
Class 31 Accuracy: 0.6896551724137931
Class 47 Accuracy: 0.6944444444444444
Class 1 Accuracy: 0.6956521739130435
Class 82 Accuracy: 0.6956521739130435
Class 90 Accuracy: 0.6956521739130435
Class 62 Accuracy: 0.696969696969697
Class 10 Accuracy: 0.6976744186046512
Class 78 Accuracy: 0.7027027027027027
Class 16 Accuracy: 0.7045454545454546
Class 63 Accuracy: 0.7045454545454546
Class 42 Accuracy: 0.7111111111111111
Class 39 Accuracy: 0.717948717948718
Class 64 Accuracy: 0.717948717948718
Class 65 Accuracy: 0.7272727272727273
Class 74 Accuracy: 0.7317073170731707
Class 67 Accuracy: 0.7333333333333333
Class 46 Accuracy: 0.7441860465116279
Class 19 Accuracy: 0.7551020408163265
Class 27 Accuracy: 0.7692307692307693
Class 92 Accuracy: 0.775
Class 29 Accuracy: 0.7804878048780488
Class 8 Accuracy: 0.78125
Class 61 Accuracy: 0.7857142857142857
Class 23 Accuracy: 0.7872340425531915
Class 35 Accuracy: 0.7931034482758621
Class 9 Accuracy: 0.8
Class 52 Accuracy: 0.8
Class 54 Accuracy: 0.8048780487804879
Class 91 Accuracy: 0.8095238095238095
Class 66 Accuracy: 0.8108108108108109
Class 81 Accuracy: 0.8113207547169812
Class 40 Accuracy: 0.8125
Class 57 Accuracy: 0.8157894736842105
Class 88 Accuracy: 0.8157894736842105
Class 43 Accuracy: 0.8163265306122449
Class 48 Accuracy: 0.8163265306122449
Class 33 Accuracy: 0.8181818181818182
Class 71 Accuracy: 0.8181818181818182
Class 17 Accuracy: 0.8205128205128205
Class 45 Accuracy: 0.8235294117647058
Class 4 Accuracy: 0.8260869565217391
Class 26 Accuracy: 0.8292682926829268
Class 25 Accuracy: 0.8297872340425532
Class 85 Accuracy: 0.8333333333333334
Class 28 Accuracy: 0.8372093023255814
Class 38 Accuracy: 0.8387096774193549
Class 60 Accuracy: 0.8478260869565217
Class 6 Accuracy: 0.8571428571428571
Class 15 Accuracy: 0.8571428571428571
Class 72 Accuracy: 0.8571428571428571
Class 18 Accuracy: 0.8611111111111112
Class 53 Accuracy: 0.8648648648648649
Class 73 Accuracy: 0.8648648648648649
Class 50 Accuracy: 0.875
Class 2 Accuracy: 0.8857142857142857
Class 7 Accuracy: 0.8918918918918919
Class 30 Accuracy: 0.8979591836734694
Class 5 Accuracy: 0.9
Class 87 Accuracy: 0.9
Class 58 Accuracy: 0.918918918918919
Class 36 Accuracy: 0.925
Class 56 Accuracy: 0.926829268292683
Class 83 Accuracy: 0.9347826086956522
Class 49 Accuracy: 0.9411764705882353
Class 12 Accuracy: 0.9428571428571428
Class 75 Accuracy: 0.9444444444444444
Class 80 Accuracy: 0.9444444444444444
Class 20 Accuracy: 0.95
Class 41 Accuracy: 0.9574468085106383
Class 93 Accuracy: 0.9714285714285714
Class 3 Accuracy: 0.9722222222222222
Class 59 Accuracy: 0.9722222222222222
Class 44 Accuracy: 0.972972972972973
Class 76 Accuracy: 0.972972972972973
Class 70 Accuracy: 1.0
Class 86 Accuracy: 1.0
